<?xml version="1.0" encoding="UTF-8"?>
<!-- Generated by org.testng.reporters.JUnitReportReporter -->
<testsuite skipped="0" hostname="D5XYZVT2" name="Practice.Appiumframework.Ecommercetctwotoastmessage" tests="1" failures="0" timestamp="2020-11-11T00:52:41 IST" time="70.278" errors="0">
  <testcase name="Ecommerce" time="70.278" classname="Practice.Appiumframework.Ecommercetctwotoastmessage"/>
  <system-out/>
</testsuite> <!-- Practice.Appiumframework.Ecommercetctwotoastmessage -->
