<?xml version="1.0" encoding="UTF-8"?>
<!-- Generated by org.testng.reporters.JUnitReportReporter -->
<testsuite hostname="D5XYZVT2" failures="0" tests="1" name="Practice.Appiumframework.Penfedetoe" time="48.338" errors="0" timestamp="2020-11-26T23:20:07 IST" skipped="0">
  <testcase classname="Practice.Appiumframework.Penfedetoe" name="Ecommerce" time="48.338"/>
  <system-out/>
</testsuite> <!-- Practice.Appiumframework.Penfedetoe -->
